{"level":"\u001b[32minfo\u001b[39m","message":"\u001b[32m✅ Connected to MongoDB Atlas\u001b[39m","timestamp":"2025-09-01 15:37:15:3715"}
{"level":"\u001b[32minfo\u001b[39m","message":"\u001b[32m🚀 Server running on port 3000 in development mode\u001b[39m","timestamp":"2025-09-01 15:37:15:3715"}
{"level":"\u001b[32minfo\u001b[39m","message":"\u001b[32m📊 Health check available at http://localhost:3000/health\u001b[39m","timestamp":"2025-09-01 15:37:15:3715"}
{"level":"\u001b[32minfo\u001b[39m","message":"\u001b[32mSIGINT received, shutting down gracefully\u001b[39m","timestamp":"2025-09-01 15:37:33:3733"}
{"level":"\u001b[32minfo\u001b[39m","message":"\u001b[32m✅ Connected to MongoDB Atlas\u001b[39m","timestamp":"2025-09-01 15:37:47:3747"}
{"level":"\u001b[32minfo\u001b[39m","message":"\u001b[32m🚀 Server running on port 3000 in development mode\u001b[39m","timestamp":"2025-09-01 15:37:47:3747"}
{"level":"\u001b[32minfo\u001b[39m","message":"\u001b[32m📊 Health check available at http://localhost:3000/health\u001b[39m","timestamp":"2025-09-01 15:37:47:3747"}
{"level":"\u001b[32minfo\u001b[39m","message":"\u001b[32mSIGINT received, shutting down gracefully\u001b[39m","timestamp":"2025-09-01 15:37:56:3756"}
{"level":"\u001b[32minfo\u001b[39m","message":"\u001b[32m✅ Connected to MongoDB Atlas\u001b[39m","timestamp":"2025-09-01 15:38:12:3812"}
{"level":"\u001b[32minfo\u001b[39m","message":"\u001b[32m🚀 Server running on port 3000 in development mode\u001b[39m","timestamp":"2025-09-01 15:38:12:3812"}
{"level":"\u001b[32minfo\u001b[39m","message":"\u001b[32m📊 Health check available at http://localhost:3000/health\u001b[39m","timestamp":"2025-09-01 15:38:12:3812"}
{"level":"\u001b[32minfo\u001b[39m","message":"\u001b[32mSIGINT received, shutting down gracefully\u001b[39m","timestamp":"2025-09-01 15:39:53:3953"}
{"level":"\u001b[32minfo\u001b[39m","message":"\u001b[32m✅ Connected to MongoDB Atlas\u001b[39m","timestamp":"2025-09-01 15:41:16:4116"}
{"level":"\u001b[32minfo\u001b[39m","message":"\u001b[32m🚀 Server running on port 3000 in development mode\u001b[39m","timestamp":"2025-09-01 15:41:16:4116"}
{"level":"\u001b[32minfo\u001b[39m","message":"\u001b[32m📊 Health check available at http://localhost:3000/health\u001b[39m","timestamp":"2025-09-01 15:41:16:4116"}
{"level":"\u001b[32minfo\u001b[39m","message":"\u001b[32m✅ Connected to MongoDB Atlas\u001b[39m","timestamp":"2025-09-01 15:43:05:435"}
{"level":"\u001b[32minfo\u001b[39m","message":"\u001b[32m🚀 Server running on port 3000 in development mode\u001b[39m","timestamp":"2025-09-01 15:43:05:435"}
{"level":"\u001b[32minfo\u001b[39m","message":"\u001b[32m📊 Health check available at http://localhost:3000/health\u001b[39m","timestamp":"2025-09-01 15:43:05:435"}
{"level":"\u001b[32minfo\u001b[39m","message":"\u001b[32m✅ Connected to MongoDB Atlas\u001b[39m","timestamp":"2025-09-01 15:43:08:438"}
{"level":"\u001b[32minfo\u001b[39m","message":"\u001b[32m🚀 Server running on port 3000 in development mode\u001b[39m","timestamp":"2025-09-01 15:43:08:438"}
{"level":"\u001b[32minfo\u001b[39m","message":"\u001b[32m📊 Health check available at http://localhost:3000/health\u001b[39m","timestamp":"2025-09-01 15:43:08:438"}
{"level":"\u001b[32minfo\u001b[39m","message":"\u001b[32mSIGINT received, shutting down gracefully\u001b[39m","timestamp":"2025-09-01 15:43:56:4356"}
{"level":"\u001b[32minfo\u001b[39m","message":"\u001b[32m✅ Connected to MongoDB Atlas\u001b[39m","timestamp":"2025-09-01 15:44:03:443"}
{"level":"\u001b[32minfo\u001b[39m","message":"\u001b[32m🚀 Server running on port 3000 in development mode\u001b[39m","timestamp":"2025-09-01 15:44:03:443"}
{"level":"\u001b[32minfo\u001b[39m","message":"\u001b[32m📊 Health check available at http://localhost:3000/health\u001b[39m","timestamp":"2025-09-01 15:44:03:443"}
{"_message":"User validation failed","errors":{"password":{"kind":"required","message":"Password is required","name":"ValidatorError","path":"password","properties":{"message":"Password is required","path":"password","type":"required"}}},"level":"\u001b[31merror\u001b[39m","message":"\u001b[31mGoogle OAuth callback error: User validation failed: password: Password is required\u001b[39m","stack":"ValidationError: User validation failed: password: Password is required\n    at model.Document.invalidate (/Users/kjmix/Desktop/KabaX Codes/kababeat.kabax.ca/KabaBeats-Backend/node_modules/mongoose/lib/document.js:3358:32)\n    at /Users/kjmix/Desktop/KabaX Codes/kababeat.kabax.ca/KabaBeats-Backend/node_modules/mongoose/lib/document.js:3119:17\n    at /Users/kjmix/Desktop/KabaX Codes/kababeat.kabax.ca/KabaBeats-Backend/node_modules/mongoose/lib/schemaType.js:1416:9\n    at processTicksAndRejections (node:internal/process/task_queues:85:11)","timestamp":"2025-09-01 15:45:30:4530"}
{"_message":"User validation failed","errors":{"password":{"kind":"required","message":"Password is required","name":"ValidatorError","path":"password","properties":{"message":"Password is required","path":"password","type":"required"}}},"level":"\u001b[31merror\u001b[39m","message":"\u001b[31mGoogle OAuth callback error: User validation failed: password: Password is required\u001b[39m","stack":"ValidationError: User validation failed: password: Password is required\n    at model.Document.invalidate (/Users/kjmix/Desktop/KabaX Codes/kababeat.kabax.ca/KabaBeats-Backend/node_modules/mongoose/lib/document.js:3358:32)\n    at /Users/kjmix/Desktop/KabaX Codes/kababeat.kabax.ca/KabaBeats-Backend/node_modules/mongoose/lib/document.js:3119:17\n    at /Users/kjmix/Desktop/KabaX Codes/kababeat.kabax.ca/KabaBeats-Backend/node_modules/mongoose/lib/schemaType.js:1416:9\n    at processTicksAndRejections (node:internal/process/task_queues:85:11)","timestamp":"2025-09-01 15:45:30:4530"}
{"level":"\u001b[32minfo\u001b[39m","message":"\u001b[32m✅ Connected to MongoDB Atlas\u001b[39m","timestamp":"2025-09-01 15:47:55:4755"}
{"level":"\u001b[32minfo\u001b[39m","message":"\u001b[32m🚀 Server running on port 3000 in development mode\u001b[39m","timestamp":"2025-09-01 15:47:55:4755"}
{"level":"\u001b[32minfo\u001b[39m","message":"\u001b[32m📊 Health check available at http://localhost:3000/health\u001b[39m","timestamp":"2025-09-01 15:47:55:4755"}
{"level":"\u001b[32minfo\u001b[39m","message":"\u001b[32mSIGINT received, shutting down gracefully\u001b[39m","timestamp":"2025-09-01 15:48:01:481"}
{"level":"\u001b[32minfo\u001b[39m","message":"\u001b[32m✅ Connected to MongoDB Atlas\u001b[39m","timestamp":"2025-09-01 15:48:28:4828"}
{"level":"\u001b[32minfo\u001b[39m","message":"\u001b[32m🚀 Server running on port 3000 in development mode\u001b[39m","timestamp":"2025-09-01 15:48:28:4828"}
{"level":"\u001b[32minfo\u001b[39m","message":"\u001b[32m📊 Health check available at http://localhost:3000/health\u001b[39m","timestamp":"2025-09-01 15:48:28:4828"}
{"level":"\u001b[32minfo\u001b[39m","message":"\u001b[32mNew Google user registered via callback: kjbeat16@gmail.com\u001b[39m","timestamp":"2025-09-01 15:49:56:4956"}
{"error":"TypeError: Cannot read properties of undefined (reading 'toString')\n    at AuthController.getProfile (/Users/kjmix/Desktop/KabaX Codes/kababeat.kabax.ca/KabaBeats-Backend/src/modules/auth/auth.controller.ts:263:35)\n    at Layer.handle [as handle_request] (/Users/kjmix/Desktop/KabaX Codes/kababeat.kabax.ca/KabaBeats-Backend/node_modules/express/lib/router/layer.js:95:5)\n    at next (/Users/kjmix/Desktop/KabaX Codes/kababeat.kabax.ca/KabaBeats-Backend/node_modules/express/lib/router/route.js:149:13)\n    at Route.dispatch (/Users/kjmix/Desktop/KabaX Codes/kababeat.kabax.ca/KabaBeats-Backend/node_modules/express/lib/router/route.js:119:3)\n    at Layer.handle [as handle_request] (/Users/kjmix/Desktop/KabaX Codes/kababeat.kabax.ca/KabaBeats-Backend/node_modules/express/lib/router/layer.js:95:5)\n    at /Users/kjmix/Desktop/KabaX Codes/kababeat.kabax.ca/KabaBeats-Backend/node_modules/express/lib/router/index.js:284:15\n    at router.process_params (/Users/kjmix/Desktop/KabaX Codes/kababeat.kabax.ca/KabaBeats-Backend/node_modules/express/lib/router/index.js:346:12)\n    at next (/Users/kjmix/Desktop/KabaX Codes/kababeat.kabax.ca/KabaBeats-Backend/node_modules/express/lib/router/index.js:280:10)\n    at authenticate (/Users/kjmix/Desktop/KabaX Codes/kababeat.kabax.ca/KabaBeats-Backend/src/utils/auth.ts:106:5)\n    at Layer.handle [as handle_request] (/Users/kjmix/Desktop/KabaX Codes/kababeat.kabax.ca/KabaBeats-Backend/node_modules/express/lib/router/layer.js:95:5)","ip":"::1","level":"\u001b[31merror\u001b[39m","message":"\u001b[31mError 500: Cannot read properties of undefined (reading 'toString')\u001b[39m","method":"GET","timestamp":"2025-09-01 15:49:56:4956","url":"/api/v1/auth/profile","userAgent":"Mozilla/5.0 (Macintosh; Intel Mac OS X 10_15_7) AppleWebKit/537.36 (KHTML, like Gecko) Chrome/139.0.0.0 Safari/537.36"}
{"error":"TypeError: Cannot read properties of undefined (reading 'toString')\n    at AuthController.getProfile (/Users/kjmix/Desktop/KabaX Codes/kababeat.kabax.ca/KabaBeats-Backend/src/modules/auth/auth.controller.ts:263:35)\n    at Layer.handle [as handle_request] (/Users/kjmix/Desktop/KabaX Codes/kababeat.kabax.ca/KabaBeats-Backend/node_modules/express/lib/router/layer.js:95:5)\n    at next (/Users/kjmix/Desktop/KabaX Codes/kababeat.kabax.ca/KabaBeats-Backend/node_modules/express/lib/router/route.js:149:13)\n    at Route.dispatch (/Users/kjmix/Desktop/KabaX Codes/kababeat.kabax.ca/KabaBeats-Backend/node_modules/express/lib/router/route.js:119:3)\n    at Layer.handle [as handle_request] (/Users/kjmix/Desktop/KabaX Codes/kababeat.kabax.ca/KabaBeats-Backend/node_modules/express/lib/router/layer.js:95:5)\n    at /Users/kjmix/Desktop/KabaX Codes/kababeat.kabax.ca/KabaBeats-Backend/node_modules/express/lib/router/index.js:284:15\n    at router.process_params (/Users/kjmix/Desktop/KabaX Codes/kababeat.kabax.ca/KabaBeats-Backend/node_modules/express/lib/router/index.js:346:12)\n    at next (/Users/kjmix/Desktop/KabaX Codes/kababeat.kabax.ca/KabaBeats-Backend/node_modules/express/lib/router/index.js:280:10)\n    at authenticate (/Users/kjmix/Desktop/KabaX Codes/kababeat.kabax.ca/KabaBeats-Backend/src/utils/auth.ts:106:5)\n    at Layer.handle [as handle_request] (/Users/kjmix/Desktop/KabaX Codes/kababeat.kabax.ca/KabaBeats-Backend/node_modules/express/lib/router/layer.js:95:5)","ip":"::1","level":"\u001b[31merror\u001b[39m","message":"\u001b[31mError 500: Cannot read properties of undefined (reading 'toString')\u001b[39m","method":"GET","timestamp":"2025-09-01 15:49:56:4956","url":"/api/v1/auth/profile","userAgent":"Mozilla/5.0 (Macintosh; Intel Mac OS X 10_15_7) AppleWebKit/537.36 (KHTML, like Gecko) Chrome/139.0.0.0 Safari/537.36"}
{"level":"\u001b[32minfo\u001b[39m","message":"\u001b[32m✅ Connected to MongoDB Atlas\u001b[39m","timestamp":"2025-09-01 15:55:09:559"}
{"level":"\u001b[32minfo\u001b[39m","message":"\u001b[32m🚀 Server running on port 3000 in development mode\u001b[39m","timestamp":"2025-09-01 15:55:09:559"}
{"level":"\u001b[32minfo\u001b[39m","message":"\u001b[32m📊 Health check available at http://localhost:3000/health\u001b[39m","timestamp":"2025-09-01 15:55:09:559"}
{"level":"\u001b[32minfo\u001b[39m","message":"\u001b[32m✅ Connected to MongoDB Atlas\u001b[39m","timestamp":"2025-09-01 15:55:12:5512"}
{"level":"\u001b[32minfo\u001b[39m","message":"\u001b[32m🚀 Server running on port 3000 in development mode\u001b[39m","timestamp":"2025-09-01 15:55:12:5512"}
{"level":"\u001b[32minfo\u001b[39m","message":"\u001b[32m📊 Health check available at http://localhost:3000/health\u001b[39m","timestamp":"2025-09-01 15:55:12:5512"}
{"level":"\u001b[31merror\u001b[39m","message":"\u001b[31mGoogle OAuth callback error: Cannot read properties of undefined (reading 'push')\u001b[39m","stack":"TypeError: Cannot read properties of undefined (reading 'push')\n    at model.userSchema.methods.addRefreshToken (/Users/kjmix/Desktop/KabaX Codes/kababeat.kabax.ca/KabaBeats-Backend/src/modules/auth/auth.model.ts:189:22)\n    at AuthService.handleGoogleCallback (/Users/kjmix/Desktop/KabaX Codes/kababeat.kabax.ca/KabaBeats-Backend/src/modules/auth/auth.service.ts:268:18)\n    at processTicksAndRejections (node:internal/process/task_queues:105:5)\n    at async AuthController.googleCallback (/Users/kjmix/Desktop/KabaX Codes/kababeat.kabax.ca/KabaBeats-Backend/src/modules/auth/auth.controller.ts:68:22)","timestamp":"2025-09-01 15:55:29:5529"}
{"level":"\u001b[31merror\u001b[39m","message":"\u001b[31mGoogle OAuth callback error: Cannot read properties of undefined (reading 'push')\u001b[39m","stack":"TypeError: Cannot read properties of undefined (reading 'push')\n    at model.userSchema.methods.addRefreshToken (/Users/kjmix/Desktop/KabaX Codes/kababeat.kabax.ca/KabaBeats-Backend/src/modules/auth/auth.model.ts:189:22)\n    at AuthService.handleGoogleCallback (/Users/kjmix/Desktop/KabaX Codes/kababeat.kabax.ca/KabaBeats-Backend/src/modules/auth/auth.service.ts:268:18)\n    at processTicksAndRejections (node:internal/process/task_queues:105:5)\n    at async AuthController.googleCallback (/Users/kjmix/Desktop/KabaX Codes/kababeat.kabax.ca/KabaBeats-Backend/src/modules/auth/auth.controller.ts:68:22)","timestamp":"2025-09-01 15:55:29:5529"}
{"level":"\u001b[31merror\u001b[39m","message":"\u001b[31mGoogle OAuth callback error: Cannot read properties of undefined (reading 'push')\u001b[39m","stack":"TypeError: Cannot read properties of undefined (reading 'push')\n    at model.userSchema.methods.addRefreshToken (/Users/kjmix/Desktop/KabaX Codes/kababeat.kabax.ca/KabaBeats-Backend/src/modules/auth/auth.model.ts:189:22)\n    at AuthService.handleGoogleCallback (/Users/kjmix/Desktop/KabaX Codes/kababeat.kabax.ca/KabaBeats-Backend/src/modules/auth/auth.service.ts:268:18)\n    at processTicksAndRejections (node:internal/process/task_queues:105:5)\n    at async AuthController.googleCallback (/Users/kjmix/Desktop/KabaX Codes/kababeat.kabax.ca/KabaBeats-Backend/src/modules/auth/auth.controller.ts:68:22)","timestamp":"2025-09-01 15:55:53:5553"}
{"level":"\u001b[31merror\u001b[39m","message":"\u001b[31mGoogle OAuth callback error: Cannot read properties of undefined (reading 'push')\u001b[39m","stack":"TypeError: Cannot read properties of undefined (reading 'push')\n    at model.userSchema.methods.addRefreshToken (/Users/kjmix/Desktop/KabaX Codes/kababeat.kabax.ca/KabaBeats-Backend/src/modules/auth/auth.model.ts:189:22)\n    at AuthService.handleGoogleCallback (/Users/kjmix/Desktop/KabaX Codes/kababeat.kabax.ca/KabaBeats-Backend/src/modules/auth/auth.service.ts:268:18)\n    at processTicksAndRejections (node:internal/process/task_queues:105:5)\n    at async AuthController.googleCallback (/Users/kjmix/Desktop/KabaX Codes/kababeat.kabax.ca/KabaBeats-Backend/src/modules/auth/auth.controller.ts:68:22)","timestamp":"2025-09-01 15:55:53:5553"}
{"level":"\u001b[32minfo\u001b[39m","message":"\u001b[32m✅ Connected to MongoDB Atlas\u001b[39m","timestamp":"2025-09-01 15:56:38:5638"}
{"level":"\u001b[32minfo\u001b[39m","message":"\u001b[32m🚀 Server running on port 3000 in development mode\u001b[39m","timestamp":"2025-09-01 15:56:38:5638"}
{"level":"\u001b[32minfo\u001b[39m","message":"\u001b[32m📊 Health check available at http://localhost:3000/health\u001b[39m","timestamp":"2025-09-01 15:56:38:5638"}
{"level":"\u001b[32minfo\u001b[39m","message":"\u001b[32m✅ Connected to MongoDB Atlas\u001b[39m","timestamp":"2025-09-01 15:56:42:5642"}
{"level":"\u001b[32minfo\u001b[39m","message":"\u001b[32m🚀 Server running on port 3000 in development mode\u001b[39m","timestamp":"2025-09-01 15:56:42:5642"}
{"level":"\u001b[32minfo\u001b[39m","message":"\u001b[32m📊 Health check available at http://localhost:3000/health\u001b[39m","timestamp":"2025-09-01 15:56:42:5642"}
{"level":"\u001b[32minfo\u001b[39m","message":"\u001b[32m✅ Connected to MongoDB Atlas\u001b[39m","timestamp":"2025-09-01 15:56:50:5650"}
{"level":"\u001b[32minfo\u001b[39m","message":"\u001b[32m🚀 Server running on port 3000 in development mode\u001b[39m","timestamp":"2025-09-01 15:56:50:5650"}
{"level":"\u001b[32minfo\u001b[39m","message":"\u001b[32m📊 Health check available at http://localhost:3000/health\u001b[39m","timestamp":"2025-09-01 15:56:50:5650"}
{"level":"\u001b[32minfo\u001b[39m","message":"\u001b[32m✅ Connected to MongoDB Atlas\u001b[39m","timestamp":"2025-09-01 16:00:25:025"}
{"level":"\u001b[32minfo\u001b[39m","message":"\u001b[32m🚀 Server running on port 3000 in development mode\u001b[39m","timestamp":"2025-09-01 16:00:25:025"}
{"level":"\u001b[32minfo\u001b[39m","message":"\u001b[32m📊 Health check available at http://localhost:3000/health\u001b[39m","timestamp":"2025-09-01 16:00:25:025"}
{"level":"\u001b[32minfo\u001b[39m","message":"\u001b[32m✅ Connected to MongoDB Atlas\u001b[39m","timestamp":"2025-09-01 16:00:46:046"}
{"level":"\u001b[32minfo\u001b[39m","message":"\u001b[32m🚀 Server running on port 3000 in development mode\u001b[39m","timestamp":"2025-09-01 16:00:46:046"}
{"level":"\u001b[32minfo\u001b[39m","message":"\u001b[32m📊 Health check available at http://localhost:3000/health\u001b[39m","timestamp":"2025-09-01 16:00:46:046"}
{"level":"\u001b[32minfo\u001b[39m","message":"\u001b[32m✅ Connected to MongoDB Atlas\u001b[39m","timestamp":"2025-09-01 16:00:52:052"}
{"level":"\u001b[32minfo\u001b[39m","message":"\u001b[32m🚀 Server running on port 3000 in development mode\u001b[39m","timestamp":"2025-09-01 16:00:52:052"}
{"level":"\u001b[32minfo\u001b[39m","message":"\u001b[32m📊 Health check available at http://localhost:3000/health\u001b[39m","timestamp":"2025-09-01 16:00:52:052"}
{"level":"\u001b[32minfo\u001b[39m","message":"\u001b[32m✅ Connected to MongoDB Atlas\u001b[39m","timestamp":"2025-09-01 16:01:52:152"}
{"level":"\u001b[32minfo\u001b[39m","message":"\u001b[32m🚀 Server running on port 3000 in development mode\u001b[39m","timestamp":"2025-09-01 16:01:52:152"}
{"level":"\u001b[32minfo\u001b[39m","message":"\u001b[32m📊 Health check available at http://localhost:3000/health\u001b[39m","timestamp":"2025-09-01 16:01:52:152"}
{"level":"\u001b[32minfo\u001b[39m","message":"\u001b[32m✅ Connected to MongoDB Atlas\u001b[39m","timestamp":"2025-09-01 16:02:09:29"}
{"level":"\u001b[32minfo\u001b[39m","message":"\u001b[32m🚀 Server running on port 3000 in development mode\u001b[39m","timestamp":"2025-09-01 16:02:09:29"}
{"level":"\u001b[32minfo\u001b[39m","message":"\u001b[32m📊 Health check available at http://localhost:3000/health\u001b[39m","timestamp":"2025-09-01 16:02:09:29"}
{"level":"\u001b[32minfo\u001b[39m","message":"\u001b[32m✅ Connected to MongoDB Atlas\u001b[39m","timestamp":"2025-09-01 16:02:40:240"}
{"level":"\u001b[32minfo\u001b[39m","message":"\u001b[32m🚀 Server running on port 3000 in development mode\u001b[39m","timestamp":"2025-09-01 16:02:40:240"}
{"level":"\u001b[32minfo\u001b[39m","message":"\u001b[32m📊 Health check available at http://localhost:3000/health\u001b[39m","timestamp":"2025-09-01 16:02:40:240"}
{"level":"\u001b[32minfo\u001b[39m","message":"\u001b[32m✅ Connected to MongoDB Atlas\u001b[39m","timestamp":"2025-09-01 16:02:50:250"}
{"level":"\u001b[32minfo\u001b[39m","message":"\u001b[32m🚀 Server running on port 3000 in development mode\u001b[39m","timestamp":"2025-09-01 16:02:50:250"}
{"level":"\u001b[32minfo\u001b[39m","message":"\u001b[32m📊 Health check available at http://localhost:3000/health\u001b[39m","timestamp":"2025-09-01 16:02:50:250"}
{"level":"\u001b[32minfo\u001b[39m","message":"\u001b[32m✅ Connected to MongoDB Atlas\u001b[39m","timestamp":"2025-09-01 16:09:41:941"}
{"level":"\u001b[32minfo\u001b[39m","message":"\u001b[32m🚀 Server running on port 3000 in development mode\u001b[39m","timestamp":"2025-09-01 16:09:41:941"}
{"level":"\u001b[32minfo\u001b[39m","message":"\u001b[32m📊 Health check available at http://localhost:3000/health\u001b[39m","timestamp":"2025-09-01 16:09:41:941"}
{"level":"\u001b[32minfo\u001b[39m","message":"\u001b[32m🔮 GraphQL endpoint available at http://localhost:3000/graphql\u001b[39m","timestamp":"2025-09-01 16:09:41:941"}
{"level":"\u001b[32minfo\u001b[39m","message":"\u001b[32mSIGINT received, shutting down gracefully\u001b[39m","timestamp":"2025-09-01 16:09:59:959"}
{"level":"\u001b[32minfo\u001b[39m","message":"\u001b[32m✅ Connected to MongoDB Atlas\u001b[39m","timestamp":"2025-09-01 16:10:06:106"}
{"level":"\u001b[32minfo\u001b[39m","message":"\u001b[32m🚀 Server running on port 3000 in development mode\u001b[39m","timestamp":"2025-09-01 16:10:06:106"}
{"level":"\u001b[32minfo\u001b[39m","message":"\u001b[32m📊 Health check available at http://localhost:3000/health\u001b[39m","timestamp":"2025-09-01 16:10:06:106"}
{"level":"\u001b[32minfo\u001b[39m","message":"\u001b[32m🔮 GraphQL endpoint available at http://localhost:3000/graphql\u001b[39m","timestamp":"2025-09-01 16:10:06:106"}
{"level":"\u001b[32minfo\u001b[39m","message":"\u001b[32m✅ Connected to MongoDB Atlas\u001b[39m","timestamp":"2025-09-01 16:10:56:1056"}
{"level":"\u001b[32minfo\u001b[39m","message":"\u001b[32m✅ Connected to MongoDB Atlas\u001b[39m","timestamp":"2025-09-01 16:11:05:115"}
{"level":"\u001b[32minfo\u001b[39m","message":"\u001b[32m🚀 Server running on port 3000 in development mode\u001b[39m","timestamp":"2025-09-01 16:11:05:115"}
{"level":"\u001b[32minfo\u001b[39m","message":"\u001b[32m📊 Health check available at http://localhost:3000/health\u001b[39m","timestamp":"2025-09-01 16:11:05:115"}
{"level":"\u001b[32minfo\u001b[39m","message":"\u001b[32m🔮 GraphQL endpoint available at http://localhost:3000/graphql\u001b[39m","timestamp":"2025-09-01 16:11:05:115"}
{"level":"\u001b[32minfo\u001b[39m","message":"\u001b[32mUser logged out: kjbeat16@gmail.com\u001b[39m","timestamp":"2025-09-01 16:13:18:1318"}
{"level":"\u001b[32minfo\u001b[39m","message":"\u001b[32mNew Google user registered via callback: kjbeat16@gmail.com\u001b[39m","timestamp":"2025-09-01 16:13:53:1353"}
{"level":"\u001b[32minfo\u001b[39m","message":"\u001b[32mUser logged out: kjbeat16@gmail.com\u001b[39m","timestamp":"2025-09-01 16:14:24:1424"}
{"level":"\u001b[32minfo\u001b[39m","message":"\u001b[32mNew user registered: kjbeat20@gmail.com\u001b[39m","timestamp":"2025-09-01 16:15:28:1528"}
{"level":"\u001b[32minfo\u001b[39m","message":"\u001b[32mUser logged out: kjbeat20@gmail.com\u001b[39m","timestamp":"2025-09-01 16:16:07:167"}
{"isOperational":true,"level":"\u001b[31merror\u001b[39m","message":"\u001b[31mLogin error: Invalid email or password\u001b[39m","stack":"Error: Invalid email or password\n    at AuthService.login (/Users/kjmix/Desktop/KabaX Codes/kababeat.kabax.ca/KabaBeats-Backend/src/modules/auth/auth.service.ts:85:15)\n    at async AuthController.login (/Users/kjmix/Desktop/KabaX Codes/kababeat.kabax.ca/KabaBeats-Backend/src/modules/auth/auth.controller.ts:32:22)","statusCode":401,"timestamp":"2025-09-01 16:16:16:1616"}
{"error":"Error: Invalid email or password\n    at AuthService.login (/Users/kjmix/Desktop/KabaX Codes/kababeat.kabax.ca/KabaBeats-Backend/src/modules/auth/auth.service.ts:85:15)\n    at async AuthController.login (/Users/kjmix/Desktop/KabaX Codes/kababeat.kabax.ca/KabaBeats-Backend/src/modules/auth/auth.controller.ts:32:22)","ip":"::1","level":"\u001b[31merror\u001b[39m","message":"\u001b[31mError 401: Invalid email or password\u001b[39m","method":"POST","timestamp":"2025-09-01 16:16:16:1616","url":"/api/v1/auth/login","userAgent":"Mozilla/5.0 (Macintosh; Intel Mac OS X 10_15_7) AppleWebKit/537.36 (KHTML, like Gecko) Chrome/139.0.0.0 Safari/537.36"}
{"level":"\u001b[32minfo\u001b[39m","message":"\u001b[32mUser logged in: kjbeat20@gmail.com\u001b[39m","timestamp":"2025-09-01 16:16:23:1623"}
{"level":"\u001b[32minfo\u001b[39m","message":"\u001b[32mSIGINT received, shutting down gracefully\u001b[39m","timestamp":"2025-09-01 16:16:55:1655"}
{"level":"\u001b[32minfo\u001b[39m","message":"\u001b[32m✅ Connected to MongoDB Atlas\u001b[39m","timestamp":"2025-09-01 23:40:12:4012"}
{"level":"\u001b[32minfo\u001b[39m","message":"\u001b[32m🚀 Server running on port 3000 in development mode\u001b[39m","timestamp":"2025-09-01 23:40:12:4012"}
{"level":"\u001b[32minfo\u001b[39m","message":"\u001b[32m📊 Health check available at http://localhost:3000/health\u001b[39m","timestamp":"2025-09-01 23:40:12:4012"}
{"level":"\u001b[32minfo\u001b[39m","message":"\u001b[32m🔮 GraphQL endpoint available at http://localhost:3000/graphql\u001b[39m","timestamp":"2025-09-01 23:40:12:4012"}
{"level":"\u001b[32minfo\u001b[39m","message":"\u001b[32mUser logged in: kjbeat20@gmail.com\u001b[39m","timestamp":"2025-09-01 23:41:41:4141"}
{"level":"\u001b[32minfo\u001b[39m","message":"\u001b[32mUser logged out: kjbeat20@gmail.com\u001b[39m","timestamp":"2025-09-02 00:54:08:548"}
{"level":"\u001b[32minfo\u001b[39m","message":"\u001b[32mNew Google user registered via callback: kjbeatinfo@gmail.com\u001b[39m","timestamp":"2025-09-02 00:54:18:5418"}
{"level":"\u001b[32minfo\u001b[39m","message":"\u001b[32mUser logged out: kjbeatinfo@gmail.com\u001b[39m","timestamp":"2025-09-02 00:55:53:5553"}
{"level":"\u001b[32minfo\u001b[39m","message":"\u001b[32m✅ Connected to MongoDB Atlas\u001b[39m","timestamp":"2025-09-02 00:59:35:5935"}
{"level":"\u001b[32minfo\u001b[39m","message":"\u001b[32m🚀 Server running on port 3000 in development mode\u001b[39m","timestamp":"2025-09-02 00:59:35:5935"}
{"level":"\u001b[32minfo\u001b[39m","message":"\u001b[32m📊 Health check available at http://localhost:3000/health\u001b[39m","timestamp":"2025-09-02 00:59:35:5935"}
{"level":"\u001b[32minfo\u001b[39m","message":"\u001b[32m🔮 GraphQL endpoint available at http://localhost:3000/graphql\u001b[39m","timestamp":"2025-09-02 00:59:35:5935"}
{"level":"\u001b[32minfo\u001b[39m","message":"\u001b[32m✅ Connected to MongoDB Atlas\u001b[39m","timestamp":"2025-09-02 00:59:39:5939"}
{"level":"\u001b[32minfo\u001b[39m","message":"\u001b[32m🚀 Server running on port 3000 in development mode\u001b[39m","timestamp":"2025-09-02 00:59:39:5939"}
{"level":"\u001b[32minfo\u001b[39m","message":"\u001b[32m📊 Health check available at http://localhost:3000/health\u001b[39m","timestamp":"2025-09-02 00:59:39:5939"}
{"level":"\u001b[32minfo\u001b[39m","message":"\u001b[32m🔮 GraphQL endpoint available at http://localhost:3000/graphql\u001b[39m","timestamp":"2025-09-02 00:59:39:5939"}
{"level":"\u001b[32minfo\u001b[39m","message":"\u001b[32m✅ Connected to MongoDB Atlas\u001b[39m","timestamp":"2025-09-02 00:59:42:5942"}
{"level":"\u001b[32minfo\u001b[39m","message":"\u001b[32m🚀 Server running on port 3000 in development mode\u001b[39m","timestamp":"2025-09-02 00:59:42:5942"}
{"level":"\u001b[32minfo\u001b[39m","message":"\u001b[32m📊 Health check available at http://localhost:3000/health\u001b[39m","timestamp":"2025-09-02 00:59:42:5942"}
{"level":"\u001b[32minfo\u001b[39m","message":"\u001b[32m🔮 GraphQL endpoint available at http://localhost:3000/graphql\u001b[39m","timestamp":"2025-09-02 00:59:42:5942"}
{"level":"\u001b[32minfo\u001b[39m","message":"\u001b[32m✅ Connected to MongoDB Atlas\u001b[39m","timestamp":"2025-09-02 00:59:45:5945"}
{"level":"\u001b[32minfo\u001b[39m","message":"\u001b[32m🚀 Server running on port 3000 in development mode\u001b[39m","timestamp":"2025-09-02 00:59:45:5945"}
{"level":"\u001b[32minfo\u001b[39m","message":"\u001b[32m📊 Health check available at http://localhost:3000/health\u001b[39m","timestamp":"2025-09-02 00:59:45:5945"}
{"level":"\u001b[32minfo\u001b[39m","message":"\u001b[32m🔮 GraphQL endpoint available at http://localhost:3000/graphql\u001b[39m","timestamp":"2025-09-02 00:59:45:5945"}
{"level":"\u001b[32minfo\u001b[39m","message":"\u001b[32m✅ Connected to MongoDB Atlas\u001b[39m","timestamp":"2025-09-02 00:59:55:5955"}
{"level":"\u001b[32minfo\u001b[39m","message":"\u001b[32m🚀 Server running on port 3000 in development mode\u001b[39m","timestamp":"2025-09-02 00:59:55:5955"}
{"level":"\u001b[32minfo\u001b[39m","message":"\u001b[32m📊 Health check available at http://localhost:3000/health\u001b[39m","timestamp":"2025-09-02 00:59:55:5955"}
{"level":"\u001b[32minfo\u001b[39m","message":"\u001b[32m🔮 GraphQL endpoint available at http://localhost:3000/graphql\u001b[39m","timestamp":"2025-09-02 00:59:55:5955"}
{"level":"\u001b[32minfo\u001b[39m","message":"\u001b[32m✅ Connected to MongoDB Atlas\u001b[39m","timestamp":"2025-09-02 01:00:03:03"}
{"level":"\u001b[32minfo\u001b[39m","message":"\u001b[32m🚀 Server running on port 3000 in development mode\u001b[39m","timestamp":"2025-09-02 01:00:03:03"}
{"level":"\u001b[32minfo\u001b[39m","message":"\u001b[32m📊 Health check available at http://localhost:3000/health\u001b[39m","timestamp":"2025-09-02 01:00:03:03"}
{"level":"\u001b[32minfo\u001b[39m","message":"\u001b[32m🔮 GraphQL endpoint available at http://localhost:3000/graphql\u001b[39m","timestamp":"2025-09-02 01:00:03:03"}
{"level":"\u001b[32minfo\u001b[39m","message":"\u001b[32m✅ Connected to MongoDB Atlas\u001b[39m","timestamp":"2025-09-02 01:00:21:021"}
{"level":"\u001b[32minfo\u001b[39m","message":"\u001b[32m🚀 Server running on port 3000 in development mode\u001b[39m","timestamp":"2025-09-02 01:00:21:021"}
{"level":"\u001b[32minfo\u001b[39m","message":"\u001b[32m📊 Health check available at http://localhost:3000/health\u001b[39m","timestamp":"2025-09-02 01:00:21:021"}
{"level":"\u001b[32minfo\u001b[39m","message":"\u001b[32m🔮 GraphQL endpoint available at http://localhost:3000/graphql\u001b[39m","timestamp":"2025-09-02 01:00:21:021"}
{"level":"\u001b[32minfo\u001b[39m","message":"\u001b[32m✅ Connected to MongoDB Atlas\u001b[39m","timestamp":"2025-09-02 01:02:13:213"}
{"level":"\u001b[32minfo\u001b[39m","message":"\u001b[32m🚀 Server running on port 3000 in development mode\u001b[39m","timestamp":"2025-09-02 01:02:13:213"}
{"level":"\u001b[32minfo\u001b[39m","message":"\u001b[32m📊 Health check available at http://localhost:3000/health\u001b[39m","timestamp":"2025-09-02 01:02:13:213"}
{"level":"\u001b[32minfo\u001b[39m","message":"\u001b[32m🔮 GraphQL endpoint available at http://localhost:3000/graphql\u001b[39m","timestamp":"2025-09-02 01:02:13:213"}
{"level":"\u001b[32minfo\u001b[39m","message":"\u001b[32m✅ Connected to MongoDB Atlas\u001b[39m","timestamp":"2025-09-02 01:02:19:219"}
{"level":"\u001b[32minfo\u001b[39m","message":"\u001b[32m🚀 Server running on port 3000 in development mode\u001b[39m","timestamp":"2025-09-02 01:02:19:219"}
{"level":"\u001b[32minfo\u001b[39m","message":"\u001b[32m📊 Health check available at http://localhost:3000/health\u001b[39m","timestamp":"2025-09-02 01:02:19:219"}
{"level":"\u001b[32minfo\u001b[39m","message":"\u001b[32m🔮 GraphQL endpoint available at http://localhost:3000/graphql\u001b[39m","timestamp":"2025-09-02 01:02:19:219"}
{"level":"\u001b[32minfo\u001b[39m","message":"\u001b[32m✅ Connected to MongoDB Atlas\u001b[39m","timestamp":"2025-09-02 01:02:23:223"}
{"level":"\u001b[32minfo\u001b[39m","message":"\u001b[32m🚀 Server running on port 3000 in development mode\u001b[39m","timestamp":"2025-09-02 01:02:23:223"}
{"level":"\u001b[32minfo\u001b[39m","message":"\u001b[32m📊 Health check available at http://localhost:3000/health\u001b[39m","timestamp":"2025-09-02 01:02:23:223"}
{"level":"\u001b[32minfo\u001b[39m","message":"\u001b[32m🔮 GraphQL endpoint available at http://localhost:3000/graphql\u001b[39m","timestamp":"2025-09-02 01:02:23:223"}
{"level":"\u001b[32minfo\u001b[39m","message":"\u001b[32m✅ Connected to MongoDB Atlas\u001b[39m","timestamp":"2025-09-02 01:03:19:319"}
{"level":"\u001b[32minfo\u001b[39m","message":"\u001b[32m🚀 Server running on port 3000 in development mode\u001b[39m","timestamp":"2025-09-02 01:03:19:319"}
{"level":"\u001b[32minfo\u001b[39m","message":"\u001b[32m📊 Health check available at http://localhost:3000/health\u001b[39m","timestamp":"2025-09-02 01:03:19:319"}
{"level":"\u001b[32minfo\u001b[39m","message":"\u001b[32m🔮 GraphQL endpoint available at http://localhost:3000/graphql\u001b[39m","timestamp":"2025-09-02 01:03:19:319"}
{"level":"\u001b[32minfo\u001b[39m","message":"\u001b[32mSIGINT received, shutting down gracefully\u001b[39m","timestamp":"2025-09-02 01:14:21:1421"}
{"level":"\u001b[32minfo\u001b[39m","message":"\u001b[32m✅ Connected to MongoDB Atlas\u001b[39m","timestamp":"2025-09-02 01:14:36:1436"}
{"level":"\u001b[32minfo\u001b[39m","message":"\u001b[32m🚀 Server running on port 3000 in development mode\u001b[39m","timestamp":"2025-09-02 01:14:36:1436"}
{"level":"\u001b[32minfo\u001b[39m","message":"\u001b[32m📊 Health check available at http://localhost:3000/health\u001b[39m","timestamp":"2025-09-02 01:14:36:1436"}
{"level":"\u001b[32minfo\u001b[39m","message":"\u001b[32m🔮 GraphQL endpoint available at http://localhost:3000/graphql\u001b[39m","timestamp":"2025-09-02 01:14:36:1436"}
{"level":"\u001b[32minfo\u001b[39m","message":"\u001b[32mNew Google user registered via callback: toplinevault@gmail.com\u001b[39m","timestamp":"2025-09-02 01:16:59:1659"}
{"level":"\u001b[32minfo\u001b[39m","message":"\u001b[32m✅ Connected to MongoDB Atlas\u001b[39m","timestamp":"2025-09-02 01:17:54:1754"}
{"level":"\u001b[32minfo\u001b[39m","message":"\u001b[32m🚀 Server running on port 3000 in development mode\u001b[39m","timestamp":"2025-09-02 01:17:54:1754"}
{"level":"\u001b[32minfo\u001b[39m","message":"\u001b[32m📊 Health check available at http://localhost:3000/health\u001b[39m","timestamp":"2025-09-02 01:17:54:1754"}
{"level":"\u001b[32minfo\u001b[39m","message":"\u001b[32m🔮 GraphQL endpoint available at http://localhost:3000/graphql\u001b[39m","timestamp":"2025-09-02 01:17:54:1754"}
{"level":"\u001b[32minfo\u001b[39m","message":"\u001b[32mTheme preferences updated for user: toplinevault@gmail.com\u001b[39m","timestamp":"2025-09-02 01:19:05:195"}
{"level":"\u001b[32minfo\u001b[39m","message":"\u001b[32mTheme preferences updated for user: toplinevault@gmail.com\u001b[39m","timestamp":"2025-09-02 01:19:25:1925"}
{"level":"\u001b[32minfo\u001b[39m","message":"\u001b[32m✅ Connected to MongoDB Atlas\u001b[39m","timestamp":"2025-09-02 01:19:34:1934"}
{"level":"\u001b[32minfo\u001b[39m","message":"\u001b[32m🚀 Server running on port 3000 in development mode\u001b[39m","timestamp":"2025-09-02 01:19:34:1934"}
{"level":"\u001b[32minfo\u001b[39m","message":"\u001b[32m📊 Health check available at http://localhost:3000/health\u001b[39m","timestamp":"2025-09-02 01:19:34:1934"}
{"level":"\u001b[32minfo\u001b[39m","message":"\u001b[32m🔮 GraphQL endpoint available at http://localhost:3000/graphql\u001b[39m","timestamp":"2025-09-02 01:19:34:1934"}
{"level":"\u001b[32minfo\u001b[39m","message":"\u001b[32m✅ Connected to MongoDB Atlas\u001b[39m","timestamp":"2025-09-02 01:19:38:1938"}
{"level":"\u001b[32minfo\u001b[39m","message":"\u001b[32m🚀 Server running on port 3000 in development mode\u001b[39m","timestamp":"2025-09-02 01:19:38:1938"}
{"level":"\u001b[32minfo\u001b[39m","message":"\u001b[32m📊 Health check available at http://localhost:3000/health\u001b[39m","timestamp":"2025-09-02 01:19:38:1938"}
{"level":"\u001b[32minfo\u001b[39m","message":"\u001b[32m🔮 GraphQL endpoint available at http://localhost:3000/graphql\u001b[39m","timestamp":"2025-09-02 01:19:38:1938"}
{"level":"\u001b[32minfo\u001b[39m","message":"\u001b[32m✅ Connected to MongoDB Atlas\u001b[39m","timestamp":"2025-09-02 01:19:45:1945"}
{"level":"\u001b[32minfo\u001b[39m","message":"\u001b[32m🚀 Server running on port 3000 in development mode\u001b[39m","timestamp":"2025-09-02 01:19:45:1945"}
{"level":"\u001b[32minfo\u001b[39m","message":"\u001b[32m📊 Health check available at http://localhost:3000/health\u001b[39m","timestamp":"2025-09-02 01:19:45:1945"}
{"level":"\u001b[32minfo\u001b[39m","message":"\u001b[32m🔮 GraphQL endpoint available at http://localhost:3000/graphql\u001b[39m","timestamp":"2025-09-02 01:19:45:1945"}
{"level":"\u001b[32minfo\u001b[39m","message":"\u001b[32mUser logged out: toplinevault@gmail.com\u001b[39m","timestamp":"2025-09-02 01:20:12:2012"}
{"level":"\u001b[32minfo\u001b[39m","message":"\u001b[32mUser logged out: toplinevault@gmail.com\u001b[39m","timestamp":"2025-09-02 01:21:25:2125"}
{"level":"\u001b[32minfo\u001b[39m","message":"\u001b[32mNew Google user registered via callback: kjbeat16@gmail.com\u001b[39m","timestamp":"2025-09-02 01:21:49:2149"}
{"level":"\u001b[32minfo\u001b[39m","message":"\u001b[32mUser logged out: kjbeat16@gmail.com\u001b[39m","timestamp":"2025-09-02 01:22:20:2220"}
{"error":"Error: \"themePreferences.customTheme.primary\" with value \"350 100% 42%\" fails to match the required pattern: /^#[0-9A-Fa-f]{6}$/\n    at /Users/kjmix/Desktop/KabaX Codes/kababeat.kabax.ca/KabaBeats-Backend/src/utils/validation.ts:14:13\n    at Layer.handle [as handle_request] (/Users/kjmix/Desktop/KabaX Codes/kababeat.kabax.ca/KabaBeats-Backend/node_modules/express/lib/router/layer.js:95:5)\n    at next (/Users/kjmix/Desktop/KabaX Codes/kababeat.kabax.ca/KabaBeats-Backend/node_modules/express/lib/router/route.js:149:13)\n    at Route.dispatch (/Users/kjmix/Desktop/KabaX Codes/kababeat.kabax.ca/KabaBeats-Backend/node_modules/express/lib/router/route.js:119:3)\n    at Layer.handle [as handle_request] (/Users/kjmix/Desktop/KabaX Codes/kababeat.kabax.ca/KabaBeats-Backend/node_modules/express/lib/router/layer.js:95:5)\n    at /Users/kjmix/Desktop/KabaX Codes/kababeat.kabax.ca/KabaBeats-Backend/node_modules/express/lib/router/index.js:284:15\n    at router.process_params (/Users/kjmix/Desktop/KabaX Codes/kababeat.kabax.ca/KabaBeats-Backend/node_modules/express/lib/router/index.js:346:12)\n    at next (/Users/kjmix/Desktop/KabaX Codes/kababeat.kabax.ca/KabaBeats-Backend/node_modules/express/lib/router/index.js:280:10)\n    at router.handle (/Users/kjmix/Desktop/KabaX Codes/kababeat.kabax.ca/KabaBeats-Backend/node_modules/express/lib/router/index.js:175:3)\n    at router (/Users/kjmix/Desktop/KabaX Codes/kababeat.kabax.ca/KabaBeats-Backend/node_modules/express/lib/router/index.js:47:12)","ip":"::1","level":"\u001b[31merror\u001b[39m","message":"\u001b[31mError 400: \"themePreferences.customTheme.primary\" with value \"350 100% 42%\" fails to match the required pattern: /^#[0-9A-Fa-f]{6}$/\u001b[39m","method":"POST","timestamp":"2025-09-02 01:23:01:231","url":"/api/v1/auth/register","userAgent":"Mozilla/5.0 (Macintosh; Intel Mac OS X 10_15_7) AppleWebKit/537.36 (KHTML, like Gecko) Chrome/139.0.0.0 Safari/537.36"}
{"error":"Error: \"themePreferences.customTheme.primary\" with value \"350 100% 42%\" fails to match the required pattern: /^#[0-9A-Fa-f]{6}$/\n    at /Users/kjmix/Desktop/KabaX Codes/kababeat.kabax.ca/KabaBeats-Backend/src/utils/validation.ts:14:13\n    at Layer.handle [as handle_request] (/Users/kjmix/Desktop/KabaX Codes/kababeat.kabax.ca/KabaBeats-Backend/node_modules/express/lib/router/layer.js:95:5)\n    at next (/Users/kjmix/Desktop/KabaX Codes/kababeat.kabax.ca/KabaBeats-Backend/node_modules/express/lib/router/route.js:149:13)\n    at Route.dispatch (/Users/kjmix/Desktop/KabaX Codes/kababeat.kabax.ca/KabaBeats-Backend/node_modules/express/lib/router/route.js:119:3)\n    at Layer.handle [as handle_request] (/Users/kjmix/Desktop/KabaX Codes/kababeat.kabax.ca/KabaBeats-Backend/node_modules/express/lib/router/layer.js:95:5)\n    at /Users/kjmix/Desktop/KabaX Codes/kababeat.kabax.ca/KabaBeats-Backend/node_modules/express/lib/router/index.js:284:15\n    at router.process_params (/Users/kjmix/Desktop/KabaX Codes/kababeat.kabax.ca/KabaBeats-Backend/node_modules/express/lib/router/index.js:346:12)\n    at next (/Users/kjmix/Desktop/KabaX Codes/kababeat.kabax.ca/KabaBeats-Backend/node_modules/express/lib/router/index.js:280:10)\n    at router.handle (/Users/kjmix/Desktop/KabaX Codes/kababeat.kabax.ca/KabaBeats-Backend/node_modules/express/lib/router/index.js:175:3)\n    at router (/Users/kjmix/Desktop/KabaX Codes/kababeat.kabax.ca/KabaBeats-Backend/node_modules/express/lib/router/index.js:47:12)","ip":"::1","level":"\u001b[31merror\u001b[39m","message":"\u001b[31mError 400: \"themePreferences.customTheme.primary\" with value \"350 100% 42%\" fails to match the required pattern: /^#[0-9A-Fa-f]{6}$/\u001b[39m","method":"POST","timestamp":"2025-09-02 01:23:20:2320","url":"/api/v1/auth/register","userAgent":"Mozilla/5.0 (Macintosh; Intel Mac OS X 10_15_7) AppleWebKit/537.36 (KHTML, like Gecko) Chrome/139.0.0.0 Safari/537.36"}
{"error":"Error: \"themePreferences.customTheme.primary\" with value \"350 100% 42%\" fails to match the required pattern: /^#[0-9A-Fa-f]{6}$/\n    at /Users/kjmix/Desktop/KabaX Codes/kababeat.kabax.ca/KabaBeats-Backend/src/utils/validation.ts:14:13\n    at Layer.handle [as handle_request] (/Users/kjmix/Desktop/KabaX Codes/kababeat.kabax.ca/KabaBeats-Backend/node_modules/express/lib/router/layer.js:95:5)\n    at next (/Users/kjmix/Desktop/KabaX Codes/kababeat.kabax.ca/KabaBeats-Backend/node_modules/express/lib/router/route.js:149:13)\n    at Route.dispatch (/Users/kjmix/Desktop/KabaX Codes/kababeat.kabax.ca/KabaBeats-Backend/node_modules/express/lib/router/route.js:119:3)\n    at Layer.handle [as handle_request] (/Users/kjmix/Desktop/KabaX Codes/kababeat.kabax.ca/KabaBeats-Backend/node_modules/express/lib/router/layer.js:95:5)\n    at /Users/kjmix/Desktop/KabaX Codes/kababeat.kabax.ca/KabaBeats-Backend/node_modules/express/lib/router/index.js:284:15\n    at router.process_params (/Users/kjmix/Desktop/KabaX Codes/kababeat.kabax.ca/KabaBeats-Backend/node_modules/express/lib/router/index.js:346:12)\n    at next (/Users/kjmix/Desktop/KabaX Codes/kababeat.kabax.ca/KabaBeats-Backend/node_modules/express/lib/router/index.js:280:10)\n    at router.handle (/Users/kjmix/Desktop/KabaX Codes/kababeat.kabax.ca/KabaBeats-Backend/node_modules/express/lib/router/index.js:175:3)\n    at router (/Users/kjmix/Desktop/KabaX Codes/kababeat.kabax.ca/KabaBeats-Backend/node_modules/express/lib/router/index.js:47:12)","ip":"::1","level":"\u001b[31merror\u001b[39m","message":"\u001b[31mError 400: \"themePreferences.customTheme.primary\" with value \"350 100% 42%\" fails to match the required pattern: /^#[0-9A-Fa-f]{6}$/\u001b[39m","method":"POST","timestamp":"2025-09-02 01:32:10:3210","url":"/api/v1/auth/register","userAgent":"Mozilla/5.0 (Macintosh; Intel Mac OS X 10_15_7) AppleWebKit/537.36 (KHTML, like Gecko) Chrome/139.0.0.0 Safari/537.36"}
{"level":"\u001b[32minfo\u001b[39m","message":"\u001b[32mNew user registered: kjbeat20@gmail.com\u001b[39m","timestamp":"2025-09-02 01:34:05:345"}
{"level":"\u001b[32minfo\u001b[39m","message":"\u001b[32mTheme preferences updated for user: kjbeat20@gmail.com\u001b[39m","timestamp":"2025-09-02 01:34:55:3455"}
{"level":"\u001b[32minfo\u001b[39m","message":"\u001b[32mTheme preferences updated for user: kjbeat20@gmail.com\u001b[39m","timestamp":"2025-09-02 01:50:25:5025"}
{"level":"\u001b[32minfo\u001b[39m","message":"\u001b[32mTheme preferences updated for user: kjbeat20@gmail.com\u001b[39m","timestamp":"2025-09-02 01:51:36:5136"}
{"level":"\u001b[32minfo\u001b[39m","message":"\u001b[32mTheme preferences updated for user: kjbeat20@gmail.com\u001b[39m","timestamp":"2025-09-02 01:52:03:523"}
{"level":"\u001b[32minfo\u001b[39m","message":"\u001b[32mTheme preferences updated for user: kjbeat20@gmail.com\u001b[39m","timestamp":"2025-09-02 01:53:06:536"}
{"level":"\u001b[32minfo\u001b[39m","message":"\u001b[32mTheme preferences updated for user: kjbeat20@gmail.com\u001b[39m","timestamp":"2025-09-02 01:53:25:5325"}
